bin
dev
etc
home
lib
media
mnt
opt
proc
root
run
sbin
srv
sys
tmp
usr
var
bin
dev
etc
home
lib
media
mnt
opt
proc
root
run
sbin
srv
sys
tmp
usr
var
bin
cpu_hog
dev
etc
home
lib
media
memory_hog
mnt
opt
proc
root
run
sbin
srv
sys
tmp
usr
var
bin
cpu_hog
dev
etc
home
lib
media
memory_hog
mnt
opt
proc
root
run
sbin
srv
sys
tmp
usr
var
bin
cpu_hog
dev
etc
home
lib
media
memory_hog
mnt
opt
proc
root
run
sbin
srv
sys
tmp
usr
var
bin
cpu_hog
dev
etc
home
lib
media
memory_hog
mnt
opt
proc
root
run
sbin
srv
sys
tmp
usr
var
